[2024-06-04 13:44:02] local.ERROR: could not find driver (Connection: mysql, SQL: select table_name as `name`, (data_length + index_length) as `size`, table_comment as `comment`, engine as `engine`, table_collation as `collation` from information_schema.tables where table_schema = 'lumen_jwt' and table_type in ('BASE TABLE', 'SYSTEM VERSIONED') order by table_name) {"exception":"[object] (Illuminate\\Database\\QueryException(code: 0): could not find driver (Connection: mysql, SQL: select table_name as `name`, (data_length + index_length) as `size`, table_comment as `comment`, engine as `engine`, table_collation as `collation` from information_schema.tables where table_schema = 'lumen_jwt' and table_type in ('BASE TABLE', 'SYSTEM VERSIONED') order by table_name) at D:\\Layanan web\\layanan_web-api\\vendor\\illuminate\\database\\Connection.php:829)
[stacktrace]
#0 D:\\Layanan web\\layanan_web-api\\vendor\\illuminate\\database\\Connection.php(783): Illuminate\\Database\\Connection->runQueryCallback()
#1 D:\\Layanan web\\layanan_web-api\\vendor\\illuminate\\database\\Connection.php(414): Illuminate\\Database\\Connection->run()
#2 D:\\Layanan web\\layanan_web-api\\vendor\\illuminate\\database\\Connection.php(401): Illuminate\\Database\\Connection->select()
#3 D:\\Layanan web\\layanan_web-api\\vendor\\illuminate\\database\\Schema\\MySqlBuilder.php(41): Illuminate\\Database\\Connection->selectFromWriteConnection()
#4 D:\\Layanan web\\layanan_web-api\\vendor\\illuminate\\database\\Schema\\Builder.php(165): Illuminate\\Database\\Schema\\MySqlBuilder->getTables()
#5 D:\\Layanan web\\layanan_web-api\\vendor\\illuminate\\database\\Migrations\\DatabaseMigrationRepository.php(184): Illuminate\\Database\\Schema\\Builder->hasTable()
#6 D:\\Layanan web\\layanan_web-api\\vendor\\illuminate\\database\\Migrations\\Migrator.php(700): Illuminate\\Database\\Migrations\\DatabaseMigrationRepository->repositoryExists()
#7 D:\\Layanan web\\layanan_web-api\\vendor\\illuminate\\database\\Console\\Migrations\\MigrateCommand.php(140): Illuminate\\Database\\Migrations\\Migrator->repositoryExists()
#8 D:\\Layanan web\\layanan_web-api\\vendor\\illuminate\\support\\helpers.php(248): Illuminate\\Database\\Console\\Migrations\\MigrateCommand->Illuminate\\Database\\Console\\Migrations\\{closure}()
#9 D:\\Layanan web\\layanan_web-api\\vendor\\illuminate\\database\\Console\\Migrations\\MigrateCommand.php(140): retry()
#10 D:\\Layanan web\\layanan_web-api\\vendor\\illuminate\\database\\Console\\Migrations\\MigrateCommand.php(116): Illuminate\\Database\\Console\\Migrations\\MigrateCommand->repositoryExists()
#11 D:\\Layanan web\\layanan_web-api\\vendor\\illuminate\\database\\Console\\Migrations\\MigrateCommand.php(84): Illuminate\\Database\\Console\\Migrations\\MigrateCommand->prepareDatabase()
#12 D:\\Layanan web\\layanan_web-api\\vendor\\illuminate\\database\\Migrations\\Migrator.php(633): Illuminate\\Database\\Console\\Migrations\\MigrateCommand->Illuminate\\Database\\Console\\Migrations\\{closure}()
#13 D:\\Layanan web\\layanan_web-api\\vendor\\illuminate\\database\\Console\\Migrations\\MigrateCommand.php(83): Illuminate\\Database\\Migrations\\Migrator->usingConnection()
#14 D:\\Layanan web\\layanan_web-api\\vendor\\illuminate\\container\\BoundMethod.php(36): Illuminate\\Database\\Console\\Migrations\\MigrateCommand->handle()
#15 D:\\Layanan web\\layanan_web-api\\vendor\\illuminate\\container\\Util.php(41): Illuminate\\Container\\BoundMethod::Illuminate\\Container\\{closure}()
#16 D:\\Layanan web\\layanan_web-api\\vendor\\illuminate\\container\\BoundMethod.php(93): Illuminate\\Container\\Util::unwrapIfClosure()
#17 D:\\Layanan web\\layanan_web-api\\vendor\\illuminate\\container\\BoundMethod.php(35): Illuminate\\Container\\BoundMethod::callBoundMethod()
#18 D:\\Layanan web\\layanan_web-api\\vendor\\illuminate\\container\\Container.php(662): Illuminate\\Container\\BoundMethod::call()
#19 D:\\Layanan web\\layanan_web-api\\vendor\\illuminate\\console\\Command.php(211): Illuminate\\Container\\Container->call()
#20 D:\\Layanan web\\layanan_web-api\\vendor\\symfony\\console\\Command\\Command.php(326): Illuminate\\Console\\Command->execute()
#21 D:\\Layanan web\\layanan_web-api\\vendor\\illuminate\\console\\Command.php(180): Symfony\\Component\\Console\\Command\\Command->run()
#22 D:\\Layanan web\\layanan_web-api\\vendor\\symfony\\console\\Application.php(1078): Illuminate\\Console\\Command->run()
#23 D:\\Layanan web\\layanan_web-api\\vendor\\symfony\\console\\Application.php(324): Symfony\\Component\\Console\\Application->doRunCommand()
#24 D:\\Layanan web\\layanan_web-api\\vendor\\symfony\\console\\Application.php(175): Symfony\\Component\\Console\\Application->doRun()
#25 D:\\Layanan web\\layanan_web-api\\vendor\\laravel\\lumen-framework\\src\\Console\\Kernel.php(160): Symfony\\Component\\Console\\Application->run()
#26 D:\\Layanan web\\layanan_web-api\\artisan(35): Laravel\\Lumen\\Console\\Kernel->handle()
#27 {main}

[previous exception] [object] (PDOException(code: 0): could not find driver at D:\\Layanan web\\layanan_web-api\\vendor\\illuminate\\database\\Connectors\\Connector.php:65)
[stacktrace]
#0 D:\\Layanan web\\layanan_web-api\\vendor\\illuminate\\database\\Connectors\\Connector.php(65): PDO->__construct()
#1 D:\\Layanan web\\layanan_web-api\\vendor\\illuminate\\database\\Connectors\\Connector.php(44): Illuminate\\Database\\Connectors\\Connector->createPdoConnection()
#2 D:\\Layanan web\\layanan_web-api\\vendor\\illuminate\\database\\Connectors\\MySqlConnector.php(24): Illuminate\\Database\\Connectors\\Connector->createConnection()
#3 D:\\Layanan web\\layanan_web-api\\vendor\\illuminate\\database\\Connectors\\ConnectionFactory.php(184): Illuminate\\Database\\Connectors\\MySqlConnector->connect()
#4 [internal function]: Illuminate\\Database\\Connectors\\ConnectionFactory->Illuminate\\Database\\Connectors\\{closure}()
#5 D:\\Layanan web\\layanan_web-api\\vendor\\illuminate\\database\\Connection.php(1339): call_user_func()
#6 D:\\Layanan web\\layanan_web-api\\vendor\\illuminate\\database\\Connection.php(528): Illuminate\\Database\\Connection->getPdo()
#7 D:\\Layanan web\\layanan_web-api\\vendor\\illuminate\\database\\Connection.php(423): Illuminate\\Database\\Connection->getPdoForSelect()
#8 D:\\Layanan web\\layanan_web-api\\vendor\\illuminate\\database\\Connection.php(816): Illuminate\\Database\\Connection->Illuminate\\Database\\{closure}()
#9 D:\\Layanan web\\layanan_web-api\\vendor\\illuminate\\database\\Connection.php(783): Illuminate\\Database\\Connection->runQueryCallback()
#10 D:\\Layanan web\\layanan_web-api\\vendor\\illuminate\\database\\Connection.php(414): Illuminate\\Database\\Connection->run()
#11 D:\\Layanan web\\layanan_web-api\\vendor\\illuminate\\database\\Connection.php(401): Illuminate\\Database\\Connection->select()
#12 D:\\Layanan web\\layanan_web-api\\vendor\\illuminate\\database\\Schema\\MySqlBuilder.php(41): Illuminate\\Database\\Connection->selectFromWriteConnection()
#13 D:\\Layanan web\\layanan_web-api\\vendor\\illuminate\\database\\Schema\\Builder.php(165): Illuminate\\Database\\Schema\\MySqlBuilder->getTables()
#14 D:\\Layanan web\\layanan_web-api\\vendor\\illuminate\\database\\Migrations\\DatabaseMigrationRepository.php(184): Illuminate\\Database\\Schema\\Builder->hasTable()
#15 D:\\Layanan web\\layanan_web-api\\vendor\\illuminate\\database\\Migrations\\Migrator.php(700): Illuminate\\Database\\Migrations\\DatabaseMigrationRepository->repositoryExists()
#16 D:\\Layanan web\\layanan_web-api\\vendor\\illuminate\\database\\Console\\Migrations\\MigrateCommand.php(140): Illuminate\\Database\\Migrations\\Migrator->repositoryExists()
#17 D:\\Layanan web\\layanan_web-api\\vendor\\illuminate\\support\\helpers.php(248): Illuminate\\Database\\Console\\Migrations\\MigrateCommand->Illuminate\\Database\\Console\\Migrations\\{closure}()
#18 D:\\Layanan web\\layanan_web-api\\vendor\\illuminate\\database\\Console\\Migrations\\MigrateCommand.php(140): retry()
#19 D:\\Layanan web\\layanan_web-api\\vendor\\illuminate\\database\\Console\\Migrations\\MigrateCommand.php(116): Illuminate\\Database\\Console\\Migrations\\MigrateCommand->repositoryExists()
#20 D:\\Layanan web\\layanan_web-api\\vendor\\illuminate\\database\\Console\\Migrations\\MigrateCommand.php(84): Illuminate\\Database\\Console\\Migrations\\MigrateCommand->prepareDatabase()
#21 D:\\Layanan web\\layanan_web-api\\vendor\\illuminate\\database\\Migrations\\Migrator.php(633): Illuminate\\Database\\Console\\Migrations\\MigrateCommand->Illuminate\\Database\\Console\\Migrations\\{closure}()
#22 D:\\Layanan web\\layanan_web-api\\vendor\\illuminate\\database\\Console\\Migrations\\MigrateCommand.php(83): Illuminate\\Database\\Migrations\\Migrator->usingConnection()
#23 D:\\Layanan web\\layanan_web-api\\vendor\\illuminate\\container\\BoundMethod.php(36): Illuminate\\Database\\Console\\Migrations\\MigrateCommand->handle()
#24 D:\\Layanan web\\layanan_web-api\\vendor\\illuminate\\container\\Util.php(41): Illuminate\\Container\\BoundMethod::Illuminate\\Container\\{closure}()
#25 D:\\Layanan web\\layanan_web-api\\vendor\\illuminate\\container\\BoundMethod.php(93): Illuminate\\Container\\Util::unwrapIfClosure()
#26 D:\\Layanan web\\layanan_web-api\\vendor\\illuminate\\container\\BoundMethod.php(35): Illuminate\\Container\\BoundMethod::callBoundMethod()
#27 D:\\Layanan web\\layanan_web-api\\vendor\\illuminate\\container\\Container.php(662): Illuminate\\Container\\BoundMethod::call()
#28 D:\\Layanan web\\layanan_web-api\\vendor\\illuminate\\console\\Command.php(211): Illuminate\\Container\\Container->call()
#29 D:\\Layanan web\\layanan_web-api\\vendor\\symfony\\console\\Command\\Command.php(326): Illuminate\\Console\\Command->execute()
#30 D:\\Layanan web\\layanan_web-api\\vendor\\illuminate\\console\\Command.php(180): Symfony\\Component\\Console\\Command\\Command->run()
#31 D:\\Layanan web\\layanan_web-api\\vendor\\symfony\\console\\Application.php(1078): Illuminate\\Console\\Command->run()
#32 D:\\Layanan web\\layanan_web-api\\vendor\\symfony\\console\\Application.php(324): Symfony\\Component\\Console\\Application->doRunCommand()
#33 D:\\Layanan web\\layanan_web-api\\vendor\\symfony\\console\\Application.php(175): Symfony\\Component\\Console\\Application->doRun()
#34 D:\\Layanan web\\layanan_web-api\\vendor\\laravel\\lumen-framework\\src\\Console\\Kernel.php(160): Symfony\\Component\\Console\\Application->run()
#35 D:\\Layanan web\\layanan_web-api\\artisan(35): Laravel\\Lumen\\Console\\Kernel->handle()
#36 {main}
"} 
[2024-06-04 13:57:03] local.ERROR: Command "mirage" is not defined.

Did you mean one of these?
    migrate
    migrate:fresh
    migrate:install
    migrate:refresh
    migrate:reset
    migrate:rollback
    migrate:status {"exception":"[object] (Symfony\\Component\\Console\\Exception\\CommandNotFoundException(code: 0): Command \"mirage\" is not defined.

Did you mean one of these?
    migrate
    migrate:fresh
    migrate:install
    migrate:refresh
    migrate:reset
    migrate:rollback
    migrate:status at D:\\Layanan web\\layanan_web-api\\vendor\\symfony\\console\\Application.php:737)
[stacktrace]
#0 D:\\Layanan web\\layanan_web-api\\vendor\\symfony\\console\\Application.php(266): Symfony\\Component\\Console\\Application->find()
#1 D:\\Layanan web\\layanan_web-api\\vendor\\symfony\\console\\Application.php(175): Symfony\\Component\\Console\\Application->doRun()
#2 D:\\Layanan web\\layanan_web-api\\vendor\\laravel\\lumen-framework\\src\\Console\\Kernel.php(160): Symfony\\Component\\Console\\Application->run()
#3 D:\\Layanan web\\layanan_web-api\\artisan(35): Laravel\\Lumen\\Console\\Kernel->handle()
#4 {main}
"} 
[2024-06-04 13:57:28] local.ERROR: could not find driver (Connection: mysql, SQL: select table_name as `name`, (data_length + index_length) as `size`, table_comment as `comment`, engine as `engine`, table_collation as `collation` from information_schema.tables where table_schema = 'lumen_jwt' and table_type in ('BASE TABLE', 'SYSTEM VERSIONED') order by table_name) {"exception":"[object] (Illuminate\\Database\\QueryException(code: 0): could not find driver (Connection: mysql, SQL: select table_name as `name`, (data_length + index_length) as `size`, table_comment as `comment`, engine as `engine`, table_collation as `collation` from information_schema.tables where table_schema = 'lumen_jwt' and table_type in ('BASE TABLE', 'SYSTEM VERSIONED') order by table_name) at D:\\Layanan web\\layanan_web-api\\vendor\\illuminate\\database\\Connection.php:829)
[stacktrace]
#0 D:\\Layanan web\\layanan_web-api\\vendor\\illuminate\\database\\Connection.php(783): Illuminate\\Database\\Connection->runQueryCallback()
#1 D:\\Layanan web\\layanan_web-api\\vendor\\illuminate\\database\\Connection.php(414): Illuminate\\Database\\Connection->run()
#2 D:\\Layanan web\\layanan_web-api\\vendor\\illuminate\\database\\Connection.php(401): Illuminate\\Database\\Connection->select()
#3 D:\\Layanan web\\layanan_web-api\\vendor\\illuminate\\database\\Schema\\MySqlBuilder.php(41): Illuminate\\Database\\Connection->selectFromWriteConnection()
#4 D:\\Layanan web\\layanan_web-api\\vendor\\illuminate\\database\\Schema\\Builder.php(165): Illuminate\\Database\\Schema\\MySqlBuilder->getTables()
#5 D:\\Layanan web\\layanan_web-api\\vendor\\illuminate\\database\\Migrations\\DatabaseMigrationRepository.php(184): Illuminate\\Database\\Schema\\Builder->hasTable()
#6 D:\\Layanan web\\layanan_web-api\\vendor\\illuminate\\database\\Migrations\\Migrator.php(700): Illuminate\\Database\\Migrations\\DatabaseMigrationRepository->repositoryExists()
#7 D:\\Layanan web\\layanan_web-api\\vendor\\illuminate\\database\\Console\\Migrations\\MigrateCommand.php(140): Illuminate\\Database\\Migrations\\Migrator->repositoryExists()
#8 D:\\Layanan web\\layanan_web-api\\vendor\\illuminate\\support\\helpers.php(248): Illuminate\\Database\\Console\\Migrations\\MigrateCommand->Illuminate\\Database\\Console\\Migrations\\{closure}()
#9 D:\\Layanan web\\layanan_web-api\\vendor\\illuminate\\database\\Console\\Migrations\\MigrateCommand.php(140): retry()
#10 D:\\Layanan web\\layanan_web-api\\vendor\\illuminate\\database\\Console\\Migrations\\MigrateCommand.php(116): Illuminate\\Database\\Console\\Migrations\\MigrateCommand->repositoryExists()
#11 D:\\Layanan web\\layanan_web-api\\vendor\\illuminate\\database\\Console\\Migrations\\MigrateCommand.php(84): Illuminate\\Database\\Console\\Migrations\\MigrateCommand->prepareDatabase()
#12 D:\\Layanan web\\layanan_web-api\\vendor\\illuminate\\database\\Migrations\\Migrator.php(633): Illuminate\\Database\\Console\\Migrations\\MigrateCommand->Illuminate\\Database\\Console\\Migrations\\{closure}()
#13 D:\\Layanan web\\layanan_web-api\\vendor\\illuminate\\database\\Console\\Migrations\\MigrateCommand.php(83): Illuminate\\Database\\Migrations\\Migrator->usingConnection()
#14 D:\\Layanan web\\layanan_web-api\\vendor\\illuminate\\container\\BoundMethod.php(36): Illuminate\\Database\\Console\\Migrations\\MigrateCommand->handle()
#15 D:\\Layanan web\\layanan_web-api\\vendor\\illuminate\\container\\Util.php(41): Illuminate\\Container\\BoundMethod::Illuminate\\Container\\{closure}()
#16 D:\\Layanan web\\layanan_web-api\\vendor\\illuminate\\container\\BoundMethod.php(93): Illuminate\\Container\\Util::unwrapIfClosure()
#17 D:\\Layanan web\\layanan_web-api\\vendor\\illuminate\\container\\BoundMethod.php(35): Illuminate\\Container\\BoundMethod::callBoundMethod()
#18 D:\\Layanan web\\layanan_web-api\\vendor\\illuminate\\container\\Container.php(662): Illuminate\\Container\\BoundMethod::call()
#19 D:\\Layanan web\\layanan_web-api\\vendor\\illuminate\\console\\Command.php(211): Illuminate\\Container\\Container->call()
#20 D:\\Layanan web\\layanan_web-api\\vendor\\symfony\\console\\Command\\Command.php(326): Illuminate\\Console\\Command->execute()
#21 D:\\Layanan web\\layanan_web-api\\vendor\\illuminate\\console\\Command.php(180): Symfony\\Component\\Console\\Command\\Command->run()
#22 D:\\Layanan web\\layanan_web-api\\vendor\\symfony\\console\\Application.php(1078): Illuminate\\Console\\Command->run()
#23 D:\\Layanan web\\layanan_web-api\\vendor\\symfony\\console\\Application.php(324): Symfony\\Component\\Console\\Application->doRunCommand()
#24 D:\\Layanan web\\layanan_web-api\\vendor\\symfony\\console\\Application.php(175): Symfony\\Component\\Console\\Application->doRun()
#25 D:\\Layanan web\\layanan_web-api\\vendor\\laravel\\lumen-framework\\src\\Console\\Kernel.php(160): Symfony\\Component\\Console\\Application->run()
#26 D:\\Layanan web\\layanan_web-api\\artisan(35): Laravel\\Lumen\\Console\\Kernel->handle()
#27 {main}

[previous exception] [object] (PDOException(code: 0): could not find driver at D:\\Layanan web\\layanan_web-api\\vendor\\illuminate\\database\\Connectors\\Connector.php:65)
[stacktrace]
#0 D:\\Layanan web\\layanan_web-api\\vendor\\illuminate\\database\\Connectors\\Connector.php(65): PDO->__construct()
#1 D:\\Layanan web\\layanan_web-api\\vendor\\illuminate\\database\\Connectors\\Connector.php(44): Illuminate\\Database\\Connectors\\Connector->createPdoConnection()
#2 D:\\Layanan web\\layanan_web-api\\vendor\\illuminate\\database\\Connectors\\MySqlConnector.php(24): Illuminate\\Database\\Connectors\\Connector->createConnection()
#3 D:\\Layanan web\\layanan_web-api\\vendor\\illuminate\\database\\Connectors\\ConnectionFactory.php(184): Illuminate\\Database\\Connectors\\MySqlConnector->connect()
#4 [internal function]: Illuminate\\Database\\Connectors\\ConnectionFactory->Illuminate\\Database\\Connectors\\{closure}()
#5 D:\\Layanan web\\layanan_web-api\\vendor\\illuminate\\database\\Connection.php(1339): call_user_func()
#6 D:\\Layanan web\\layanan_web-api\\vendor\\illuminate\\database\\Connection.php(528): Illuminate\\Database\\Connection->getPdo()
#7 D:\\Layanan web\\layanan_web-api\\vendor\\illuminate\\database\\Connection.php(423): Illuminate\\Database\\Connection->getPdoForSelect()
#8 D:\\Layanan web\\layanan_web-api\\vendor\\illuminate\\database\\Connection.php(816): Illuminate\\Database\\Connection->Illuminate\\Database\\{closure}()
#9 D:\\Layanan web\\layanan_web-api\\vendor\\illuminate\\database\\Connection.php(783): Illuminate\\Database\\Connection->runQueryCallback()
#10 D:\\Layanan web\\layanan_web-api\\vendor\\illuminate\\database\\Connection.php(414): Illuminate\\Database\\Connection->run()
#11 D:\\Layanan web\\layanan_web-api\\vendor\\illuminate\\database\\Connection.php(401): Illuminate\\Database\\Connection->select()
#12 D:\\Layanan web\\layanan_web-api\\vendor\\illuminate\\database\\Schema\\MySqlBuilder.php(41): Illuminate\\Database\\Connection->selectFromWriteConnection()
#13 D:\\Layanan web\\layanan_web-api\\vendor\\illuminate\\database\\Schema\\Builder.php(165): Illuminate\\Database\\Schema\\MySqlBuilder->getTables()
#14 D:\\Layanan web\\layanan_web-api\\vendor\\illuminate\\database\\Migrations\\DatabaseMigrationRepository.php(184): Illuminate\\Database\\Schema\\Builder->hasTable()
#15 D:\\Layanan web\\layanan_web-api\\vendor\\illuminate\\database\\Migrations\\Migrator.php(700): Illuminate\\Database\\Migrations\\DatabaseMigrationRepository->repositoryExists()
#16 D:\\Layanan web\\layanan_web-api\\vendor\\illuminate\\database\\Console\\Migrations\\MigrateCommand.php(140): Illuminate\\Database\\Migrations\\Migrator->repositoryExists()
#17 D:\\Layanan web\\layanan_web-api\\vendor\\illuminate\\support\\helpers.php(248): Illuminate\\Database\\Console\\Migrations\\MigrateCommand->Illuminate\\Database\\Console\\Migrations\\{closure}()
#18 D:\\Layanan web\\layanan_web-api\\vendor\\illuminate\\database\\Console\\Migrations\\MigrateCommand.php(140): retry()
#19 D:\\Layanan web\\layanan_web-api\\vendor\\illuminate\\database\\Console\\Migrations\\MigrateCommand.php(116): Illuminate\\Database\\Console\\Migrations\\MigrateCommand->repositoryExists()
#20 D:\\Layanan web\\layanan_web-api\\vendor\\illuminate\\database\\Console\\Migrations\\MigrateCommand.php(84): Illuminate\\Database\\Console\\Migrations\\MigrateCommand->prepareDatabase()
#21 D:\\Layanan web\\layanan_web-api\\vendor\\illuminate\\database\\Migrations\\Migrator.php(633): Illuminate\\Database\\Console\\Migrations\\MigrateCommand->Illuminate\\Database\\Console\\Migrations\\{closure}()
#22 D:\\Layanan web\\layanan_web-api\\vendor\\illuminate\\database\\Console\\Migrations\\MigrateCommand.php(83): Illuminate\\Database\\Migrations\\Migrator->usingConnection()
#23 D:\\Layanan web\\layanan_web-api\\vendor\\illuminate\\container\\BoundMethod.php(36): Illuminate\\Database\\Console\\Migrations\\MigrateCommand->handle()
#24 D:\\Layanan web\\layanan_web-api\\vendor\\illuminate\\container\\Util.php(41): Illuminate\\Container\\BoundMethod::Illuminate\\Container\\{closure}()
#25 D:\\Layanan web\\layanan_web-api\\vendor\\illuminate\\container\\BoundMethod.php(93): Illuminate\\Container\\Util::unwrapIfClosure()
#26 D:\\Layanan web\\layanan_web-api\\vendor\\illuminate\\container\\BoundMethod.php(35): Illuminate\\Container\\BoundMethod::callBoundMethod()
#27 D:\\Layanan web\\layanan_web-api\\vendor\\illuminate\\container\\Container.php(662): Illuminate\\Container\\BoundMethod::call()
#28 D:\\Layanan web\\layanan_web-api\\vendor\\illuminate\\console\\Command.php(211): Illuminate\\Container\\Container->call()
#29 D:\\Layanan web\\layanan_web-api\\vendor\\symfony\\console\\Command\\Command.php(326): Illuminate\\Console\\Command->execute()
#30 D:\\Layanan web\\layanan_web-api\\vendor\\illuminate\\console\\Command.php(180): Symfony\\Component\\Console\\Command\\Command->run()
#31 D:\\Layanan web\\layanan_web-api\\vendor\\symfony\\console\\Application.php(1078): Illuminate\\Console\\Command->run()
#32 D:\\Layanan web\\layanan_web-api\\vendor\\symfony\\console\\Application.php(324): Symfony\\Component\\Console\\Application->doRunCommand()
#33 D:\\Layanan web\\layanan_web-api\\vendor\\symfony\\console\\Application.php(175): Symfony\\Component\\Console\\Application->doRun()
#34 D:\\Layanan web\\layanan_web-api\\vendor\\laravel\\lumen-framework\\src\\Console\\Kernel.php(160): Symfony\\Component\\Console\\Application->run()
#35 D:\\Layanan web\\layanan_web-api\\artisan(35): Laravel\\Lumen\\Console\\Kernel->handle()
#36 {main}
"} 
[2024-06-04 13:59:01] local.ERROR: could not find driver (Connection: mysql, SQL: select table_name as `name`, (data_length + index_length) as `size`, table_comment as `comment`, engine as `engine`, table_collation as `collation` from information_schema.tables where table_schema = 'lumen_jwt' and table_type in ('BASE TABLE', 'SYSTEM VERSIONED') order by table_name) {"exception":"[object] (Illuminate\\Database\\QueryException(code: 0): could not find driver (Connection: mysql, SQL: select table_name as `name`, (data_length + index_length) as `size`, table_comment as `comment`, engine as `engine`, table_collation as `collation` from information_schema.tables where table_schema = 'lumen_jwt' and table_type in ('BASE TABLE', 'SYSTEM VERSIONED') order by table_name) at D:\\Layanan web\\layanan_web-api\\vendor\\illuminate\\database\\Connection.php:829)
[stacktrace]
#0 D:\\Layanan web\\layanan_web-api\\vendor\\illuminate\\database\\Connection.php(783): Illuminate\\Database\\Connection->runQueryCallback()
#1 D:\\Layanan web\\layanan_web-api\\vendor\\illuminate\\database\\Connection.php(414): Illuminate\\Database\\Connection->run()
#2 D:\\Layanan web\\layanan_web-api\\vendor\\illuminate\\database\\Connection.php(401): Illuminate\\Database\\Connection->select()
#3 D:\\Layanan web\\layanan_web-api\\vendor\\illuminate\\database\\Schema\\MySqlBuilder.php(41): Illuminate\\Database\\Connection->selectFromWriteConnection()
#4 D:\\Layanan web\\layanan_web-api\\vendor\\illuminate\\database\\Schema\\Builder.php(165): Illuminate\\Database\\Schema\\MySqlBuilder->getTables()
#5 D:\\Layanan web\\layanan_web-api\\vendor\\illuminate\\database\\Migrations\\DatabaseMigrationRepository.php(184): Illuminate\\Database\\Schema\\Builder->hasTable()
#6 D:\\Layanan web\\layanan_web-api\\vendor\\illuminate\\database\\Migrations\\Migrator.php(700): Illuminate\\Database\\Migrations\\DatabaseMigrationRepository->repositoryExists()
#7 D:\\Layanan web\\layanan_web-api\\vendor\\illuminate\\database\\Console\\Migrations\\MigrateCommand.php(140): Illuminate\\Database\\Migrations\\Migrator->repositoryExists()
#8 D:\\Layanan web\\layanan_web-api\\vendor\\illuminate\\support\\helpers.php(248): Illuminate\\Database\\Console\\Migrations\\MigrateCommand->Illuminate\\Database\\Console\\Migrations\\{closure}()
#9 D:\\Layanan web\\layanan_web-api\\vendor\\illuminate\\database\\Console\\Migrations\\MigrateCommand.php(140): retry()
#10 D:\\Layanan web\\layanan_web-api\\vendor\\illuminate\\database\\Console\\Migrations\\MigrateCommand.php(116): Illuminate\\Database\\Console\\Migrations\\MigrateCommand->repositoryExists()
#11 D:\\Layanan web\\layanan_web-api\\vendor\\illuminate\\database\\Console\\Migrations\\MigrateCommand.php(84): Illuminate\\Database\\Console\\Migrations\\MigrateCommand->prepareDatabase()
#12 D:\\Layanan web\\layanan_web-api\\vendor\\illuminate\\database\\Migrations\\Migrator.php(633): Illuminate\\Database\\Console\\Migrations\\MigrateCommand->Illuminate\\Database\\Console\\Migrations\\{closure}()
#13 D:\\Layanan web\\layanan_web-api\\vendor\\illuminate\\database\\Console\\Migrations\\MigrateCommand.php(83): Illuminate\\Database\\Migrations\\Migrator->usingConnection()
#14 D:\\Layanan web\\layanan_web-api\\vendor\\illuminate\\container\\BoundMethod.php(36): Illuminate\\Database\\Console\\Migrations\\MigrateCommand->handle()
#15 D:\\Layanan web\\layanan_web-api\\vendor\\illuminate\\container\\Util.php(41): Illuminate\\Container\\BoundMethod::Illuminate\\Container\\{closure}()
#16 D:\\Layanan web\\layanan_web-api\\vendor\\illuminate\\container\\BoundMethod.php(93): Illuminate\\Container\\Util::unwrapIfClosure()
#17 D:\\Layanan web\\layanan_web-api\\vendor\\illuminate\\container\\BoundMethod.php(35): Illuminate\\Container\\BoundMethod::callBoundMethod()
#18 D:\\Layanan web\\layanan_web-api\\vendor\\illuminate\\container\\Container.php(662): Illuminate\\Container\\BoundMethod::call()
#19 D:\\Layanan web\\layanan_web-api\\vendor\\illuminate\\console\\Command.php(211): Illuminate\\Container\\Container->call()
#20 D:\\Layanan web\\layanan_web-api\\vendor\\symfony\\console\\Command\\Command.php(326): Illuminate\\Console\\Command->execute()
#21 D:\\Layanan web\\layanan_web-api\\vendor\\illuminate\\console\\Command.php(180): Symfony\\Component\\Console\\Command\\Command->run()
#22 D:\\Layanan web\\layanan_web-api\\vendor\\symfony\\console\\Application.php(1078): Illuminate\\Console\\Command->run()
#23 D:\\Layanan web\\layanan_web-api\\vendor\\symfony\\console\\Application.php(324): Symfony\\Component\\Console\\Application->doRunCommand()
#24 D:\\Layanan web\\layanan_web-api\\vendor\\symfony\\console\\Application.php(175): Symfony\\Component\\Console\\Application->doRun()
#25 D:\\Layanan web\\layanan_web-api\\vendor\\laravel\\lumen-framework\\src\\Console\\Kernel.php(160): Symfony\\Component\\Console\\Application->run()
#26 D:\\Layanan web\\layanan_web-api\\artisan(35): Laravel\\Lumen\\Console\\Kernel->handle()
#27 {main}

[previous exception] [object] (PDOException(code: 0): could not find driver at D:\\Layanan web\\layanan_web-api\\vendor\\illuminate\\database\\Connectors\\Connector.php:65)
[stacktrace]
#0 D:\\Layanan web\\layanan_web-api\\vendor\\illuminate\\database\\Connectors\\Connector.php(65): PDO->__construct()
#1 D:\\Layanan web\\layanan_web-api\\vendor\\illuminate\\database\\Connectors\\Connector.php(44): Illuminate\\Database\\Connectors\\Connector->createPdoConnection()
#2 D:\\Layanan web\\layanan_web-api\\vendor\\illuminate\\database\\Connectors\\MySqlConnector.php(24): Illuminate\\Database\\Connectors\\Connector->createConnection()
#3 D:\\Layanan web\\layanan_web-api\\vendor\\illuminate\\database\\Connectors\\ConnectionFactory.php(184): Illuminate\\Database\\Connectors\\MySqlConnector->connect()
#4 [internal function]: Illuminate\\Database\\Connectors\\ConnectionFactory->Illuminate\\Database\\Connectors\\{closure}()
#5 D:\\Layanan web\\layanan_web-api\\vendor\\illuminate\\database\\Connection.php(1339): call_user_func()
#6 D:\\Layanan web\\layanan_web-api\\vendor\\illuminate\\database\\Connection.php(528): Illuminate\\Database\\Connection->getPdo()
#7 D:\\Layanan web\\layanan_web-api\\vendor\\illuminate\\database\\Connection.php(423): Illuminate\\Database\\Connection->getPdoForSelect()
#8 D:\\Layanan web\\layanan_web-api\\vendor\\illuminate\\database\\Connection.php(816): Illuminate\\Database\\Connection->Illuminate\\Database\\{closure}()
#9 D:\\Layanan web\\layanan_web-api\\vendor\\illuminate\\database\\Connection.php(783): Illuminate\\Database\\Connection->runQueryCallback()
#10 D:\\Layanan web\\layanan_web-api\\vendor\\illuminate\\database\\Connection.php(414): Illuminate\\Database\\Connection->run()
#11 D:\\Layanan web\\layanan_web-api\\vendor\\illuminate\\database\\Connection.php(401): Illuminate\\Database\\Connection->select()
#12 D:\\Layanan web\\layanan_web-api\\vendor\\illuminate\\database\\Schema\\MySqlBuilder.php(41): Illuminate\\Database\\Connection->selectFromWriteConnection()
#13 D:\\Layanan web\\layanan_web-api\\vendor\\illuminate\\database\\Schema\\Builder.php(165): Illuminate\\Database\\Schema\\MySqlBuilder->getTables()
#14 D:\\Layanan web\\layanan_web-api\\vendor\\illuminate\\database\\Migrations\\DatabaseMigrationRepository.php(184): Illuminate\\Database\\Schema\\Builder->hasTable()
#15 D:\\Layanan web\\layanan_web-api\\vendor\\illuminate\\database\\Migrations\\Migrator.php(700): Illuminate\\Database\\Migrations\\DatabaseMigrationRepository->repositoryExists()
#16 D:\\Layanan web\\layanan_web-api\\vendor\\illuminate\\database\\Console\\Migrations\\MigrateCommand.php(140): Illuminate\\Database\\Migrations\\Migrator->repositoryExists()
#17 D:\\Layanan web\\layanan_web-api\\vendor\\illuminate\\support\\helpers.php(248): Illuminate\\Database\\Console\\Migrations\\MigrateCommand->Illuminate\\Database\\Console\\Migrations\\{closure}()
#18 D:\\Layanan web\\layanan_web-api\\vendor\\illuminate\\database\\Console\\Migrations\\MigrateCommand.php(140): retry()
#19 D:\\Layanan web\\layanan_web-api\\vendor\\illuminate\\database\\Console\\Migrations\\MigrateCommand.php(116): Illuminate\\Database\\Console\\Migrations\\MigrateCommand->repositoryExists()
#20 D:\\Layanan web\\layanan_web-api\\vendor\\illuminate\\database\\Console\\Migrations\\MigrateCommand.php(84): Illuminate\\Database\\Console\\Migrations\\MigrateCommand->prepareDatabase()
#21 D:\\Layanan web\\layanan_web-api\\vendor\\illuminate\\database\\Migrations\\Migrator.php(633): Illuminate\\Database\\Console\\Migrations\\MigrateCommand->Illuminate\\Database\\Console\\Migrations\\{closure}()
#22 D:\\Layanan web\\layanan_web-api\\vendor\\illuminate\\database\\Console\\Migrations\\MigrateCommand.php(83): Illuminate\\Database\\Migrations\\Migrator->usingConnection()
#23 D:\\Layanan web\\layanan_web-api\\vendor\\illuminate\\container\\BoundMethod.php(36): Illuminate\\Database\\Console\\Migrations\\MigrateCommand->handle()
#24 D:\\Layanan web\\layanan_web-api\\vendor\\illuminate\\container\\Util.php(41): Illuminate\\Container\\BoundMethod::Illuminate\\Container\\{closure}()
#25 D:\\Layanan web\\layanan_web-api\\vendor\\illuminate\\container\\BoundMethod.php(93): Illuminate\\Container\\Util::unwrapIfClosure()
#26 D:\\Layanan web\\layanan_web-api\\vendor\\illuminate\\container\\BoundMethod.php(35): Illuminate\\Container\\BoundMethod::callBoundMethod()
#27 D:\\Layanan web\\layanan_web-api\\vendor\\illuminate\\container\\Container.php(662): Illuminate\\Container\\BoundMethod::call()
#28 D:\\Layanan web\\layanan_web-api\\vendor\\illuminate\\console\\Command.php(211): Illuminate\\Container\\Container->call()
#29 D:\\Layanan web\\layanan_web-api\\vendor\\symfony\\console\\Command\\Command.php(326): Illuminate\\Console\\Command->execute()
#30 D:\\Layanan web\\layanan_web-api\\vendor\\illuminate\\console\\Command.php(180): Symfony\\Component\\Console\\Command\\Command->run()
#31 D:\\Layanan web\\layanan_web-api\\vendor\\symfony\\console\\Application.php(1078): Illuminate\\Console\\Command->run()
#32 D:\\Layanan web\\layanan_web-api\\vendor\\symfony\\console\\Application.php(324): Symfony\\Component\\Console\\Application->doRunCommand()
#33 D:\\Layanan web\\layanan_web-api\\vendor\\symfony\\console\\Application.php(175): Symfony\\Component\\Console\\Application->doRun()
#34 D:\\Layanan web\\layanan_web-api\\vendor\\laravel\\lumen-framework\\src\\Console\\Kernel.php(160): Symfony\\Component\\Console\\Application->run()
#35 D:\\Layanan web\\layanan_web-api\\artisan(35): Laravel\\Lumen\\Console\\Kernel->handle()
#36 {main}
"} 
